<?xml version="1.0" encoding="UTF-8"?>
<!-- Generated by org.testng.reporters.JUnitXMLReporter -->
<testsuite ignored="0" hostname="DESKTOP-8JJAQPI" failures="0" tests="3" name="Default test" time="32.742" errors="0" timestamp="30 Jul. 2019 22:26:03 GMT">
  <testcase classname="webapptestNG.addtest3" name="growerlogin" time="15.137"/>
  <testcase classname="webapptestNG.addtest1" name="verifyurl" time="4.068"/>
  <testcase classname="webapptestNG.addtest" name="launch" time="13.508"/>
</testsuite> <!-- Default test -->
