<?xml version="1.0" encoding="UTF-8"?>
<testng-results ignored="0" total="1" passed="1" failed="0" skipped="0">
  <reporter-output>
  </reporter-output>
  <suite started-at="2019-07-29T14:16:16Z" name="Default suite" finished-at="2019-07-29T14:16:30Z" duration-ms="14043">
    <groups>
    </groups>
    <test started-at="2019-07-29T14:16:16Z" name="Default test" finished-at="2019-07-29T14:16:30Z" duration-ms="14043">
      <class name="webapptestNG.addtest">
        <test-method signature="launch()[pri:0, instance:webapptestNG.addtest@55a561cf]" started-at="2019-07-29T14:16:16Z" name="launch" finished-at="2019-07-29T14:16:30Z" duration-ms="14022" status="PASS">
          <reporter-output>
          </reporter-output>
        </test-method> <!-- launch -->
      </class> <!-- webapptestNG.addtest -->
    </test> <!-- Default test -->
  </suite> <!-- Default suite -->
</testng-results>
